[ 2025-04-26 18:02:29,580 ] 20 root - INFO - Initiating data ingestion
[ 2025-04-26 18:02:29,720 ] 43 root - INFO - Reading data from database: Dhruv, collection: NetworkData
[ 2025-04-26 18:02:32,641 ] 74 root - INFO - Performed train test split on the dataframe
[ 2025-04-26 18:02:32,641 ] 76 root - INFO - Exited split_data_as_train_test method of Data_Ingestion class
[ 2025-04-26 18:02:32,641 ] 84 root - INFO - Exporting train and test file path.
[ 2025-04-26 18:02:32,684 ] 93 root - INFO - Exported train and test file path.
[ 2025-04-26 18:02:32,684 ] 22 root - INFO - Data initiation completed
[ 2025-04-26 18:02:32,688 ] 27 root - INFO - Initiating data validation
[ 2025-04-26 18:02:32,726 ] 33 root - INFO - Required number of columns:2
[ 2025-04-26 18:02:32,726 ] 34 root - INFO - Data frame has columns:31
[ 2025-04-26 18:02:32,726 ] 33 root - INFO - Required number of columns:2
[ 2025-04-26 18:02:32,726 ] 34 root - INFO - Data frame has columns:31
[ 2025-04-26 18:02:32,726 ] 49 root - INFO - All expected numerical columns are correctly numerical.
[ 2025-04-26 18:02:32,726 ] 49 root - INFO - All expected numerical columns are correctly numerical.
[ 2025-04-26 18:02:32,837 ] 29 root - INFO - Data validation completed
[ 2025-04-26 18:02:32,837 ] 34 root - INFO - Initiating data Transformation
[ 2025-04-26 18:02:32,838 ] 60 root - INFO - Entered initiate_data_transformation method of DataTransformation class
[ 2025-04-26 18:02:32,838 ] 62 root - INFO - Starting data transformation
[ 2025-04-26 18:02:32,854 ] 45 root - INFO - Entered get_data_transformer_object method of Transformation class
[ 2025-04-26 18:02:32,854 ] 50 root - INFO - Initialise KNNImputer with {'missing_values': nan, 'n_neighbors': 3, 'weights': 'uniform'}
[ 2025-04-26 18:02:32,864 ] 46 root - INFO - Entered the save_object method of MainUtils class
[ 2025-04-26 18:02:32,864 ] 50 root - INFO - Exited the save_object method of MainUtils class
[ 2025-04-26 18:02:32,864 ] 46 root - INFO - Entered the save_object method of MainUtils class
[ 2025-04-26 18:02:32,870 ] 50 root - INFO - Exited the save_object method of MainUtils class
[ 2025-04-26 18:02:32,870 ] 36 root - INFO - Data Transformation completed
